<!DOCTYPE html PUBLIC "-//W3C//DTD XHTML 1.1//EN" "https://www.w3.org/TR/xhtml11/DTD/xhtml11.dtd">
<html xmlns="https://www.w3.org/1999/xhtml">
<head>
<meta charset='utf-8'>
<title>TestNG Report</title>
<style type="text/css">
table {margin-bottom:10px;border-collapse:collapse;empty-cells:show}
td,th {border:1px solid #009;padding:.25em .5em}
.result th {vertical-align:bottom}
.param th {padding-left:1em;padding-right:1em}
.param td {padding-left:.5em;padding-right:2em}
.stripe td,.stripe th {background-color: #E6EBF9}
.numi,.numi_attn {text-align:right}
.total td {font-weight:bold}
.passedodd td {background-color: #0A0}
.passedeven td {background-color: #3F3}
.skippedodd td {background-color: #CCC}
.skippedodd td {background-color: #DDD}
.failedodd td,.numi_attn {background-color: #F33}
.failedeven td,.stripe .numi_attn {background-color: #D00}
.stacktrace {white-space:pre;font-family:monospace}
.totop {font-size:85%;text-align:center;border-bottom:2px solid #000}
</style>
</head>
<body>
<table cellspacing="0" cellpadding="0" class="testOverview">
<tr><th>Test</th><th>Methods<br/>Passed</th><th>Scenarios<br/>Passed</th><th># skipped</th><th># failed</th><th>Total<br/>Time</th><th>Included<br/>Groups</th><th>Excluded<br/>Groups</th></tr>
<tr><td style="text-align:left;padding-right:2em"><a href="#t1">H:/ITI/Test Automation University/Selenium WebDriver with Java/nopCommerce/nopCommerce/src/test</a></td><td class="numi">27</td><td class="numi">27</td><td class="numi">0</td><td class="numi_attn">4</td><td class="numi">87.8 seconds</td><td class="numi"></td><td class="numi"></td></tr>
</table>
<table cellspacing="0" cellpadding="0" class="methodOverview" id="summary">
<tr><th>Class</th><th>Method</th><th># of<br/>Scenarios</th><th>Start</th><th>Time<br/>(ms)</th></tr>
<tr id="t1"><th colspan="5">H:/ITI/Test Automation University/Selenium WebDriver with Java/nopCommerce/nopCommerce/src/test &#8212; failed</th></tr>
<tr class="failedodd"><td rowspan="2">Register.RegisterTests</td><td><a href="#m1"><b>testRegister</b>  </a></td><td class="numi">3</td><td>1700326428954</td><td class="numi">11512</td></tr><tr class="failedodd"><td><a href="#m2"><b>testRegister</b>  </a></td><td class="numi">3</td><td>1700326428954</td><td class="numi">11512</td></tr>
<tr class="failedeven"><td>EndToEndScenarios.FullScenario</td><td><a href="#m3"><b>fullUserPurchaseScenario</b>  </a></td><td class="numi">1</td><td>1700326486437</td><td class="numi">5223</td></tr>
<tr class="failedodd"><td>Register.RegisterTests</td><td><a href="#m4"><b>testRegister</b>  </a></td><td class="numi">3</td><td>1700326428954</td><td class="numi">11512</td></tr>
<tr><th colspan="5">H:/ITI/Test Automation University/Selenium WebDriver with Java/nopCommerce/nopCommerce/src/test &#8212; passed</th></tr>
<tr class="passedodd"><td>SearchTests.ValidSearchProductTest</td><td><a href="#m5"><b>testSearchProduct</b>  </a></td><td class="numi">6</td><td>1700326508010</td><td class="numi">5276</td></tr>
<tr class="passedeven"><td>AddProduct.AddProductsToWishList</td><td><a href="#m6"><b>testAddingProductToWishlist</b>  </a></td><td class="numi">1</td><td>1700326474001</td><td class="numi">2234</td></tr>
<tr class="passedodd"><td>SearchTests.ValidSearchProductTest</td><td><a href="#m7"><b>sortByAlphabeticalOrderSearch</b>  </a></td><td class="numi">1</td><td>1700326505158</td><td class="numi">1022</td></tr>
<tr class="passedeven"><td>Login.AccountTests</td><td><a href="#m8"><b>testAccountChanges</b>  </a></td><td class="numi">3</td><td>1700326450620</td><td class="numi">13232</td></tr>
<tr class="passedodd"><td>Login.LoginTests</td><td><a href="#m9"><b>testInvalidLogin</b>  </a></td><td class="numi">3</td><td>1700326444514</td><td class="numi">3713</td></tr>
<tr class="passedeven"><td>AddProduct.CheckEmptyWishlist</td><td><a href="#m10"><b>testEmptyWishlist</b>  </a></td><td class="numi">1</td><td>1700326482306</td><td class="numi">547</td></tr>
<tr class="passedodd"><td rowspan="2">SearchTests.ValidSearchProductTest</td><td><a href="#m11"><b>testSearchProduct</b>  </a></td><td class="numi">6</td><td>1700326508010</td><td class="numi">5276</td></tr><tr class="passedodd"><td><a href="#m12"><b>testSearchProduct</b>  </a></td><td class="numi">6</td><td>1700326508010</td><td class="numi">5276</td></tr>
<tr class="passedeven"><td>Login.AccountTests</td><td><a href="#m13"><b>testAccountChanges</b>  </a></td><td class="numi">3</td><td>1700326450620</td><td class="numi">13232</td></tr>
<tr class="passedodd"><td>Login.LoginTests</td><td><a href="#m14"><b>testInvalidLogin</b>  </a></td><td class="numi">3</td><td>1700326444514</td><td class="numi">3713</td></tr>
<tr class="passedeven"><td>Login.AccountTests</td><td><a href="#m15"><b>testAccountChanges</b>  </a></td><td class="numi">3</td><td>1700326450620</td><td class="numi">13232</td></tr>
<tr class="passedodd"><td>SearchTests.InvalidSearch</td><td><a href="#m16"><b>testInvalidSearchProduct</b>  </a></td><td class="numi">1</td><td>1700326502201</td><td class="numi">507</td></tr>
<tr class="passedeven"><td>SearchTests.ValidSearchProductTest</td><td><a href="#m17"><b>sortByPriceAfterSearch</b>  </a></td><td class="numi">1</td><td>1700326507013</td><td class="numi">650</td></tr>
<tr class="passedodd"><td>HomePageTests.NavigationBarElementsTests</td><td><a href="#m18"><b>testCartBtnNavBar</b>  </a></td><td class="numi">1</td><td>1700326493946</td><td class="numi">535</td></tr>
<tr class="passedeven"><td>SearchTests.ValidSearchProductTest</td><td><a href="#m19"><b>testSearchProduct</b>  </a></td><td class="numi">6</td><td>1700326508010</td><td class="numi">5276</td></tr>
<tr class="passedodd"><td>AddProduct.CheckEmptyCart</td><td><a href="#m20"><b>checkEmptyCartText</b>  </a></td><td class="numi">1</td><td>1700326478989</td><td class="numi">567</td></tr>
<tr class="passedeven"><td rowspan="2">HomePageTests.NavigationBarElementsTests</td><td><a href="#m21"><b>testLoginBtnNavBar</b>  </a></td><td class="numi">1</td><td>1700326495882</td><td class="numi">418</td></tr><tr class="passedeven"><td><a href="#m22"><b>testRegisterBtnNavBar</b>  </a></td><td class="numi">1</td><td>1700326496662</td><td class="numi">439</td></tr>
<tr class="passedodd"><td>Login.LoginTests</td><td><a href="#m23"><b>testInvalidLogin</b>  </a></td><td class="numi">3</td><td>1700326444514</td><td class="numi">3713</td></tr>
<tr class="passedeven"><td>AddProduct.AddProductToCart</td><td><a href="#m24"><b>addProductID1ToCartThenRemove</b>  </a></td><td class="numi">1</td><td>1700326466602</td><td class="numi">4506</td></tr>
<tr class="passedodd"><td rowspan="2">SearchTests.InvalidSearch</td><td><a href="#m25"><b>searchWithSpecialCharacters</b>  </a></td><td class="numi">1</td><td>1700326500673</td><td class="numi">716</td></tr><tr class="passedodd"><td><a href="#m26"><b>searchEmptyField</b>  </a></td><td class="numi">1</td><td>1700326500188</td><td class="numi">117</td></tr>
<tr class="passedeven"><td>SearchTests.ValidSearchProductTest</td><td><a href="#m27"><b>testSearchProduct</b>  </a></td><td class="numi">6</td><td>1700326508010</td><td class="numi">5276</td></tr>
<tr class="passedodd"><td>HomePageTests.NavigationBarElementsTests</td><td><a href="#m28"><b>testDropDown</b>  </a></td><td class="numi">1</td><td>1700326494835</td><td class="numi">690</td></tr>
<tr class="passedeven"><td>SearchTests.ValidSearchProductTest</td><td><a href="#m29"><b>testSearchProduct</b>  </a></td><td class="numi">6</td><td>1700326508010</td><td class="numi">5276</td></tr>
<tr class="passedodd"><td>Register.RegisterTests</td><td><a href="#m30"><b>testInvalidRegister</b>  </a></td><td class="numi">1</td><td>1700326440811</td><td class="numi">924</td></tr>
<tr class="passedeven"><td>HomePageTests.NavigationBarElementsTests</td><td><a href="#m31"><b>testWishlistBtnNavBar</b>  </a></td><td class="numi">1</td><td>1700326497463</td><td class="numi">422</td></tr>
</table>
<h1>H:/ITI/Test Automation University/Selenium WebDriver with Java/nopCommerce/nopCommerce/src/test</h1>
<h2 id="m1">Register.RegisterTests:testRegister</h2>
<table cellspacing="0" cellpadding="0" class="result">
<tr class="param"><th>Parameter #1</th><th>Parameter #2</th><th>Parameter #3</th><th>Parameter #4</th></tr>
<tr class="param stripe"><td>Ahmed</td>
<td>Mohamed</td>
<td>janesmith1@example.com</td>
<td>mypassword123</td>
</tr>
<tr><td colspan="4">
<div class="stacktrace">org.openqa.selenium.TimeoutException: Expected condition failed: waiting for visibility of element located by By.cssSelector: div.result (tried for 2 second(s) with 500 milliseconds interval)
Build info: version: &apos;4.13.0&apos;, revision: &apos;ba948ece5b*&apos;
System info: os.name: &apos;Windows 10&apos;, os.arch: &apos;amd64&apos;, os.version: &apos;10.0&apos;, java.version: &apos;20.0.2&apos;
Driver info: org.openqa.selenium.chrome.ChromeDriver
Capabilities {acceptInsecureCerts: false, browserName: chrome, browserVersion: 119.0.6045.160, chrome: {chromedriverVersion: 119.0.6045.105 (38c72552c5e..., userDataDir: C:\Users\msi\AppData\Local\...}, fedcm:accounts: true, goog:chromeOptions: {debuggerAddress: localhost:50439}, networkConnectionEnabled: false, pageLoadStrategy: normal, platformName: windows, proxy: Proxy(), se:cdp: ws://localhost:50439/devtoo..., se:cdpVersion: 119.0.6045.160, setWindowRect: true, strictFileInteractability: false, timeouts: {implicit: 0, pageLoad: 300000, script: 30000}, unhandledPromptBehavior: dismiss and notify, webauthn:extension:credBlob: true, webauthn:extension:largeBlob: true, webauthn:extension:minPinLength: true, webauthn:extension:prf: true, webauthn:virtualAuthenticators: true}
Session ID: 0d24437338075940693cbe4d9fce496e
	at org.openqa.selenium.support.ui.WebDriverWait.timeoutException(WebDriverWait.java:84)
	at org.openqa.selenium.support.ui.FluentWait.until(FluentWait.java:229)
	at Pages.RegisterCompletePage.registerCompleteText(RegisterCompletePage.java:20)
	at Register.RegisterTests.testRegister(RegisterTests.java:28)
	at java.base/jdk.internal.reflect.DirectMethodHandleAccessor.invoke(DirectMethodHandleAccessor.java:104)
	at java.base/java.lang.reflect.Method.invoke(Method.java:578)
	at org.testng.internal.invokers.MethodInvocationHelper.invokeMethod(MethodInvocationHelper.java:139)
	at org.testng.internal.invokers.TestInvoker.invokeMethod(TestInvoker.java:677)
	at org.testng.internal.invokers.TestInvoker.invokeTestMethod(TestInvoker.java:221)
	at org.testng.internal.invokers.MethodRunner.runInSequence(MethodRunner.java:50)
	at org.testng.internal.invokers.TestInvoker$MethodInvocationAgent.invoke(TestInvoker.java:962)
	at org.testng.internal.invokers.TestInvoker.invokeTestMethods(TestInvoker.java:194)
	at org.testng.internal.invokers.TestMethodWorker.invokeTestMethods(TestMethodWorker.java:148)
	at org.testng.internal.invokers.TestMethodWorker.run(TestMethodWorker.java:128)
	at java.base/java.util.ArrayList.forEach(ArrayList.java:1511)
	at org.testng.TestRunner.privateRun(TestRunner.java:806)
	at org.testng.TestRunner.run(TestRunner.java:601)
	at org.testng.SuiteRunner.runTest(SuiteRunner.java:433)
	at org.testng.SuiteRunner.runSequentially(SuiteRunner.java:427)
	at org.testng.SuiteRunner.privateRun(SuiteRunner.java:387)
	at org.testng.SuiteRunner.run(SuiteRunner.java:330)
	at org.testng.SuiteRunnerWorker.runSuite(SuiteRunnerWorker.java:52)
	at org.testng.SuiteRunnerWorker.run(SuiteRunnerWorker.java:95)
	at org.testng.TestNG.runSuitesSequentially(TestNG.java:1256)
	at org.testng.TestNG.runSuitesLocally(TestNG.java:1176)
	at org.testng.TestNG.runSuites(TestNG.java:1099)
	at org.testng.TestNG.run(TestNG.java:1067)
	at com.intellij.rt.testng.IDEARemoteTestNG.run(IDEARemoteTestNG.java:66)
	at com.intellij.rt.testng.RemoteTestNGStarter.main(RemoteTestNGStarter.java:105)
</div>
</td></tr>
</table>
<p class="totop"><a href="#summary">back to summary</a></p>
<h2 id="m2">Register.RegisterTests:testRegister</h2>
<table cellspacing="0" cellpadding="0" class="result">
<tr class="param"><th>Parameter #1</th><th>Parameter #2</th><th>Parameter #3</th><th>Parameter #4</th></tr>
<tr class="param stripe"><td>Mohamed</td>
<td>Ahmed</td>
<td>johndoe1@example.com</td>
<td>secret123</td>
</tr>
<tr><td colspan="4">
<div class="stacktrace">org.openqa.selenium.TimeoutException: Expected condition failed: waiting for visibility of element located by By.cssSelector: div.result (tried for 2 second(s) with 500 milliseconds interval)
Build info: version: &apos;4.13.0&apos;, revision: &apos;ba948ece5b*&apos;
System info: os.name: &apos;Windows 10&apos;, os.arch: &apos;amd64&apos;, os.version: &apos;10.0&apos;, java.version: &apos;20.0.2&apos;
Driver info: org.openqa.selenium.chrome.ChromeDriver
Capabilities {acceptInsecureCerts: false, browserName: chrome, browserVersion: 119.0.6045.160, chrome: {chromedriverVersion: 119.0.6045.105 (38c72552c5e..., userDataDir: C:\Users\msi\AppData\Local\...}, fedcm:accounts: true, goog:chromeOptions: {debuggerAddress: localhost:50439}, networkConnectionEnabled: false, pageLoadStrategy: normal, platformName: windows, proxy: Proxy(), se:cdp: ws://localhost:50439/devtoo..., se:cdpVersion: 119.0.6045.160, setWindowRect: true, strictFileInteractability: false, timeouts: {implicit: 0, pageLoad: 300000, script: 30000}, unhandledPromptBehavior: dismiss and notify, webauthn:extension:credBlob: true, webauthn:extension:largeBlob: true, webauthn:extension:minPinLength: true, webauthn:extension:prf: true, webauthn:virtualAuthenticators: true}
Session ID: 0d24437338075940693cbe4d9fce496e
	at org.openqa.selenium.support.ui.WebDriverWait.timeoutException(WebDriverWait.java:84)
	at org.openqa.selenium.support.ui.FluentWait.until(FluentWait.java:229)
	at Pages.RegisterCompletePage.registerCompleteText(RegisterCompletePage.java:20)
	at Register.RegisterTests.testRegister(RegisterTests.java:28)
	at java.base/jdk.internal.reflect.DirectMethodHandleAccessor.invoke(DirectMethodHandleAccessor.java:104)
	at java.base/java.lang.reflect.Method.invoke(Method.java:578)
	at org.testng.internal.invokers.MethodInvocationHelper.invokeMethod(MethodInvocationHelper.java:139)
	at org.testng.internal.invokers.TestInvoker.invokeMethod(TestInvoker.java:677)
	at org.testng.internal.invokers.TestInvoker.invokeTestMethod(TestInvoker.java:221)
	at org.testng.internal.invokers.MethodRunner.runInSequence(MethodRunner.java:50)
	at org.testng.internal.invokers.TestInvoker$MethodInvocationAgent.invoke(TestInvoker.java:962)
	at org.testng.internal.invokers.TestInvoker.invokeTestMethods(TestInvoker.java:194)
	at org.testng.internal.invokers.TestMethodWorker.invokeTestMethods(TestMethodWorker.java:148)
	at org.testng.internal.invokers.TestMethodWorker.run(TestMethodWorker.java:128)
	at java.base/java.util.ArrayList.forEach(ArrayList.java:1511)
	at org.testng.TestRunner.privateRun(TestRunner.java:806)
	at org.testng.TestRunner.run(TestRunner.java:601)
	at org.testng.SuiteRunner.runTest(SuiteRunner.java:433)
	at org.testng.SuiteRunner.runSequentially(SuiteRunner.java:427)
	at org.testng.SuiteRunner.privateRun(SuiteRunner.java:387)
	at org.testng.SuiteRunner.run(SuiteRunner.java:330)
	at org.testng.SuiteRunnerWorker.runSuite(SuiteRunnerWorker.java:52)
	at org.testng.SuiteRunnerWorker.run(SuiteRunnerWorker.java:95)
	at org.testng.TestNG.runSuitesSequentially(TestNG.java:1256)
	at org.testng.TestNG.runSuitesLocally(TestNG.java:1176)
	at org.testng.TestNG.runSuites(TestNG.java:1099)
	at org.testng.TestNG.run(TestNG.java:1067)
	at com.intellij.rt.testng.IDEARemoteTestNG.run(IDEARemoteTestNG.java:66)
	at com.intellij.rt.testng.RemoteTestNGStarter.main(RemoteTestNGStarter.java:105)
</div>
</td></tr>
</table>
<p class="totop"><a href="#summary">back to summary</a></p>
<h2 id="m3">Register.RegisterTests:testRegister</h2>
<table cellspacing="0" cellpadding="0" class="result">
<tr class="param"><th>Parameter #1</th><th>Parameter #2</th><th>Parameter #3</th><th>Parameter #4</th></tr>
<tr class="param stripe"><td>Ebrahim</td>
<td>Test</td>
<td>johndoe12@example.com</td>
<td>secret123</td>
</tr>
<tr><td colspan="4">
<div class="stacktrace">org.openqa.selenium.TimeoutException: Expected condition failed: waiting for visibility of element located by By.cssSelector: div.result (tried for 2 second(s) with 500 milliseconds interval)
Build info: version: &apos;4.13.0&apos;, revision: &apos;ba948ece5b*&apos;
System info: os.name: &apos;Windows 10&apos;, os.arch: &apos;amd64&apos;, os.version: &apos;10.0&apos;, java.version: &apos;20.0.2&apos;
Driver info: org.openqa.selenium.chrome.ChromeDriver
Capabilities {acceptInsecureCerts: false, browserName: chrome, browserVersion: 119.0.6045.160, chrome: {chromedriverVersion: 119.0.6045.105 (38c72552c5e..., userDataDir: C:\Users\msi\AppData\Local\...}, fedcm:accounts: true, goog:chromeOptions: {debuggerAddress: localhost:50439}, networkConnectionEnabled: false, pageLoadStrategy: normal, platformName: windows, proxy: Proxy(), se:cdp: ws://localhost:50439/devtoo..., se:cdpVersion: 119.0.6045.160, setWindowRect: true, strictFileInteractability: false, timeouts: {implicit: 0, pageLoad: 300000, script: 30000}, unhandledPromptBehavior: dismiss and notify, webauthn:extension:credBlob: true, webauthn:extension:largeBlob: true, webauthn:extension:minPinLength: true, webauthn:extension:prf: true, webauthn:virtualAuthenticators: true}
Session ID: 0d24437338075940693cbe4d9fce496e
	at org.openqa.selenium.support.ui.WebDriverWait.timeoutException(WebDriverWait.java:84)
	at org.openqa.selenium.support.ui.FluentWait.until(FluentWait.java:229)
	at Pages.RegisterCompletePage.registerCompleteText(RegisterCompletePage.java:20)
	at Register.RegisterTests.testRegister(RegisterTests.java:28)
	at java.base/jdk.internal.reflect.DirectMethodHandleAccessor.invoke(DirectMethodHandleAccessor.java:104)
	at java.base/java.lang.reflect.Method.invoke(Method.java:578)
	at org.testng.internal.invokers.MethodInvocationHelper.invokeMethod(MethodInvocationHelper.java:139)
	at org.testng.internal.invokers.TestInvoker.invokeMethod(TestInvoker.java:677)
	at org.testng.internal.invokers.TestInvoker.invokeTestMethod(TestInvoker.java:221)
	at org.testng.internal.invokers.MethodRunner.runInSequence(MethodRunner.java:50)
	at org.testng.internal.invokers.TestInvoker$MethodInvocationAgent.invoke(TestInvoker.java:962)
	at org.testng.internal.invokers.TestInvoker.invokeTestMethods(TestInvoker.java:194)
	at org.testng.internal.invokers.TestMethodWorker.invokeTestMethods(TestMethodWorker.java:148)
	at org.testng.internal.invokers.TestMethodWorker.run(TestMethodWorker.java:128)
	at java.base/java.util.ArrayList.forEach(ArrayList.java:1511)
	at org.testng.TestRunner.privateRun(TestRunner.java:806)
	at org.testng.TestRunner.run(TestRunner.java:601)
	at org.testng.SuiteRunner.runTest(SuiteRunner.java:433)
	at org.testng.SuiteRunner.runSequentially(SuiteRunner.java:427)
	at org.testng.SuiteRunner.privateRun(SuiteRunner.java:387)
	at org.testng.SuiteRunner.run(SuiteRunner.java:330)
	at org.testng.SuiteRunnerWorker.runSuite(SuiteRunnerWorker.java:52)
	at org.testng.SuiteRunnerWorker.run(SuiteRunnerWorker.java:95)
	at org.testng.TestNG.runSuitesSequentially(TestNG.java:1256)
	at org.testng.TestNG.runSuitesLocally(TestNG.java:1176)
	at org.testng.TestNG.runSuites(TestNG.java:1099)
	at org.testng.TestNG.run(TestNG.java:1067)
	at com.intellij.rt.testng.IDEARemoteTestNG.run(IDEARemoteTestNG.java:66)
	at com.intellij.rt.testng.RemoteTestNGStarter.main(RemoteTestNGStarter.java:105)
</div>
</td></tr>
</table>
<p class="totop"><a href="#summary">back to summary</a></p>
<h2 id="m4">EndToEndScenarios.FullScenario:fullUserPurchaseScenario</h2>
<div>
<div class="stacktrace">org.openqa.selenium.TimeoutException: Expected condition failed: waiting for element to be clickable: By.className: ico-logout (tried for 4 second(s) with 500 milliseconds interval)
Build info: version: &apos;4.13.0&apos;, revision: &apos;ba948ece5b*&apos;
System info: os.name: &apos;Windows 10&apos;, os.arch: &apos;amd64&apos;, os.version: &apos;10.0&apos;, java.version: &apos;20.0.2&apos;
Driver info: org.openqa.selenium.chrome.ChromeDriver
Capabilities {acceptInsecureCerts: false, browserName: chrome, browserVersion: 119.0.6045.160, chrome: {chromedriverVersion: 119.0.6045.105 (38c72552c5e..., userDataDir: C:\Users\msi\AppData\Local\...}, fedcm:accounts: true, goog:chromeOptions: {debuggerAddress: localhost:50662}, networkConnectionEnabled: false, pageLoadStrategy: normal, platformName: windows, proxy: Proxy(), se:cdp: ws://localhost:50662/devtoo..., se:cdpVersion: 119.0.6045.160, setWindowRect: true, strictFileInteractability: false, timeouts: {implicit: 0, pageLoad: 300000, script: 30000}, unhandledPromptBehavior: dismiss and notify, webauthn:extension:credBlob: true, webauthn:extension:largeBlob: true, webauthn:extension:minPinLength: true, webauthn:extension:prf: true, webauthn:virtualAuthenticators: true}
Session ID: 3c59782a1eb9016aa0470d84a8b93cb6
	at org.openqa.selenium.support.ui.WebDriverWait.timeoutException(WebDriverWait.java:84)
	at org.openqa.selenium.support.ui.FluentWait.until(FluentWait.java:229)
	at Pages.HomePage.checkLoginSuccessful(HomePage.java:70)
	at EndToEndScenarios.FullScenario.fullUserPurchaseScenario(FullScenario.java:24)
	at java.base/jdk.internal.reflect.DirectMethodHandleAccessor.invoke(DirectMethodHandleAccessor.java:104)
	at java.base/java.lang.reflect.Method.invoke(Method.java:578)
	at org.testng.internal.invokers.MethodInvocationHelper.invokeMethod(MethodInvocationHelper.java:139)
	at org.testng.internal.invokers.TestInvoker.invokeMethod(TestInvoker.java:677)
	at org.testng.internal.invokers.TestInvoker.invokeTestMethod(TestInvoker.java:221)
	at org.testng.internal.invokers.MethodRunner.runInSequence(MethodRunner.java:50)
	at org.testng.internal.invokers.TestInvoker$MethodInvocationAgent.invoke(TestInvoker.java:962)
	at org.testng.internal.invokers.TestInvoker.invokeTestMethods(TestInvoker.java:194)
	at org.testng.internal.invokers.TestMethodWorker.invokeTestMethods(TestMethodWorker.java:148)
	at org.testng.internal.invokers.TestMethodWorker.run(TestMethodWorker.java:128)
	at java.base/java.util.ArrayList.forEach(ArrayList.java:1511)
	at org.testng.TestRunner.privateRun(TestRunner.java:806)
	at org.testng.TestRunner.run(TestRunner.java:601)
	at org.testng.SuiteRunner.runTest(SuiteRunner.java:433)
	at org.testng.SuiteRunner.runSequentially(SuiteRunner.java:427)
	at org.testng.SuiteRunner.privateRun(SuiteRunner.java:387)
	at org.testng.SuiteRunner.run(SuiteRunner.java:330)
	at org.testng.SuiteRunnerWorker.runSuite(SuiteRunnerWorker.java:52)
	at org.testng.SuiteRunnerWorker.run(SuiteRunnerWorker.java:95)
	at org.testng.TestNG.runSuitesSequentially(TestNG.java:1256)
	at org.testng.TestNG.runSuitesLocally(TestNG.java:1176)
	at org.testng.TestNG.runSuites(TestNG.java:1099)
	at org.testng.TestNG.run(TestNG.java:1067)
	at com.intellij.rt.testng.IDEARemoteTestNG.run(IDEARemoteTestNG.java:66)
	at com.intellij.rt.testng.RemoteTestNGStarter.main(RemoteTestNGStarter.java:105)
</div>
</div>
<p class="totop"><a href="#summary">back to summary</a></p>
<h2 id="m5">SearchTests.InvalidSearch:testInvalidSearchProduct</h2>
<p class="totop"><a href="#summary">back to summary</a></p>
<h2 id="m6">SearchTests.ValidSearchProductTest:testSearchProduct</h2>
<table cellspacing="0" cellpadding="0" class="result">
<tr class="param"><th>Parameter #1</th></tr>
<tr class="param stripe"><td>HTC One M8 Android L 5.0 Lollipop</td>
</tr>
</table>
<p class="totop"><a href="#summary">back to summary</a></p>
<h2 id="m7">AddProduct.AddProductsToWishList:testAddingProductToWishlist</h2>
<p class="totop"><a href="#summary">back to summary</a></p>
<h2 id="m8">SearchTests.ValidSearchProductTest:sortByAlphabeticalOrderSearch</h2>
<p class="totop"><a href="#summary">back to summary</a></p>
<h2 id="m9">SearchTests.ValidSearchProductTest:sortByPriceAfterSearch</h2>
<p class="totop"><a href="#summary">back to summary</a></p>
<h2 id="m10">HomePageTests.NavigationBarElementsTests:testCartBtnNavBar</h2>
<p class="totop"><a href="#summary">back to summary</a></p>
<h2 id="m11">SearchTests.ValidSearchProductTest:testSearchProduct</h2>
<table cellspacing="0" cellpadding="0" class="result">
<tr class="param"><th>Parameter #1</th></tr>
<tr class="param stripe"><td>Night Visions</td>
</tr>
</table>
<p class="totop"><a href="#summary">back to summary</a></p>
<h2 id="m12">AddProduct.CheckEmptyCart:checkEmptyCartText</h2>
<p class="totop"><a href="#summary">back to summary</a></p>
<h2 id="m13">HomePageTests.NavigationBarElementsTests:testLoginBtnNavBar</h2>
<p class="totop"><a href="#summary">back to summary</a></p>
<h2 id="m14">Login.AccountTests:testAccountChanges</h2>
<table cellspacing="0" cellpadding="0" class="result">
<tr class="param"><th>Parameter #1</th><th>Parameter #2</th><th>Parameter #3</th><th>Parameter #4</th></tr>
<tr class="param stripe"><td>Ebrahim</td>
<td>Test</td>
<td>johndoe12@example.com</td>
<td>secret123</td>
</tr>
</table>
<p class="totop"><a href="#summary">back to summary</a></p>
<h2 id="m15">Login.LoginTests:testInvalidLogin</h2>
<table cellspacing="0" cellpadding="0" class="result">
<tr class="param"><th>Parameter #1</th><th>Parameter #2</th></tr>
<tr class="param stripe"><td>TestNG@Framework.com</td>
<td>TestNG1234</td>
</tr>
</table>
<p class="totop"><a href="#summary">back to summary</a></p>
<h2 id="m16">HomePageTests.NavigationBarElementsTests:testRegisterBtnNavBar</h2>
<p class="totop"><a href="#summary">back to summary</a></p>
<h2 id="m17">Login.LoginTests:testInvalidLogin</h2>
<table cellspacing="0" cellpadding="0" class="result">
<tr class="param"><th>Parameter #1</th><th>Parameter #2</th></tr>
<tr class="param stripe"><td>Test@AutomationU.com</td>
<td> </td>
</tr>
</table>
<p class="totop"><a href="#summary">back to summary</a></p>
<h2 id="m18">AddProduct.CheckEmptyWishlist:testEmptyWishlist</h2>
<p class="totop"><a href="#summary">back to summary</a></p>
<h2 id="m19">SearchTests.ValidSearchProductTest:testSearchProduct</h2>
<table cellspacing="0" cellpadding="0" class="result">
<tr class="param"><th>Parameter #1</th></tr>
<tr class="param stripe"><td>Apple MacBook Pro 13-inch</td>
</tr>
</table>
<p class="totop"><a href="#summary">back to summary</a></p>
<h2 id="m20">AddProduct.AddProductToCart:addProductID1ToCartThenRemove</h2>
<p class="totop"><a href="#summary">back to summary</a></p>
<h2 id="m21">SearchTests.InvalidSearch:searchWithSpecialCharacters</h2>
<p class="totop"><a href="#summary">back to summary</a></p>
<h2 id="m22">SearchTests.InvalidSearch:searchEmptyField</h2>
<p class="totop"><a href="#summary">back to summary</a></p>
<h2 id="m23">SearchTests.ValidSearchProductTest:testSearchProduct</h2>
<table cellspacing="0" cellpadding="0" class="result">
<tr class="param"><th>Parameter #1</th></tr>
<tr class="param stripe"><td>Adobe Photoshop CS4</td>
</tr>
</table>
<p class="totop"><a href="#summary">back to summary</a></p>
<h2 id="m24">HomePageTests.NavigationBarElementsTests:testDropDown</h2>
<p class="totop"><a href="#summary">back to summary</a></p>
<h2 id="m25">SearchTests.ValidSearchProductTest:testSearchProduct</h2>
<table cellspacing="0" cellpadding="0" class="result">
<tr class="param"><th>Parameter #1</th></tr>
<tr class="param stripe"><td>Nokia Lumia 1020</td>
</tr>
</table>
<p class="totop"><a href="#summary">back to summary</a></p>
<h2 id="m26">Register.RegisterTests:testInvalidRegister</h2>
<p class="totop"><a href="#summary">back to summary</a></p>
<h2 id="m27">HomePageTests.NavigationBarElementsTests:testWishlistBtnNavBar</h2>
<p class="totop"><a href="#summary">back to summary</a></p>
<h2 id="m28">SearchTests.ValidSearchProductTest:testSearchProduct</h2>
<table cellspacing="0" cellpadding="0" class="result">
<tr class="param"><th>Parameter #1</th></tr>
<tr class="param stripe"><td>Build your own computer</td>
</tr>
</table>
<p class="totop"><a href="#summary">back to summary</a></p>
<h2 id="m29">Login.AccountTests:testAccountChanges</h2>
<table cellspacing="0" cellpadding="0" class="result">
<tr class="param"><th>Parameter #1</th><th>Parameter #2</th><th>Parameter #3</th><th>Parameter #4</th></tr>
<tr class="param stripe"><td>Mohamed</td>
<td>Ahmed</td>
<td>johndoe1@example.com</td>
<td>secret123</td>
</tr>
</table>
<p class="totop"><a href="#summary">back to summary</a></p>
<h2 id="m30">Login.LoginTests:testInvalidLogin</h2>
<table cellspacing="0" cellpadding="0" class="result">
<tr class="param"><th>Parameter #1</th><th>Parameter #2</th></tr>
<tr class="param stripe"><td>Joe@gmail</td>
<td>DoeDoe34</td>
</tr>
</table>
<p class="totop"><a href="#summary">back to summary</a></p>
<h2 id="m31">Login.AccountTests:testAccountChanges</h2>
<table cellspacing="0" cellpadding="0" class="result">
<tr class="param"><th>Parameter #1</th><th>Parameter #2</th><th>Parameter #3</th><th>Parameter #4</th></tr>
<tr class="param stripe"><td>Ahmed</td>
<td>Mohamed</td>
<td>janesmith1@example.com</td>
<td>mypassword123</td>
</tr>
</table>
<p class="totop"><a href="#summary">back to summary</a></p>
</body></html>
